2014/07/17 15:22:05 [error] [php] krsort() expects parameter 1 to be array, string given (F:\wamp\www\jing\test1\protected\controllers\SiteController.php:136)
Stack trace:
#0 F:\wamp\www\jing\framework\web\CController.php(308): CInlineAction->runWithParams()
#1 F:\wamp\www\jing\framework\web\CController.php(286): SiteController->runAction()
#2 F:\wamp\www\jing\framework\web\CController.php(265): SiteController->runActionWithFilters()
#3 F:\wamp\www\jing\framework\web\CWebApplication.php(282): SiteController->run()
#4 F:\wamp\www\jing\framework\web\CWebApplication.php(141): CWebApplication->runController()
#5 F:\wamp\www\jing\framework\base\CApplication.php(169): CWebApplication->processRequest()
#6 F:\wamp\www\jing\test1\index.php(14): CWebApplication->run()
REQUEST_URI=/jing/test1/
in F:\wamp\www\jing\test1\protected\controllers\SiteController.php (136)
in F:\wamp\www\jing\test1\index.php (14)
2014/07/17 16:41:03 [error] [php] Undefined variable: hero (F:\wamp\www\jing\test1\protected\admin\controllers\SiteController.php:86)
Stack trace:
#0 F:\wamp\www\jing\framework\web\CController.php(286): SiteController->runAction()
#1 F:\wamp\www\jing\framework\web\CController.php(265): SiteController->runActionWithFilters()
#2 F:\wamp\www\jing\framework\web\CWebApplication.php(282): SiteController->run()
#3 F:\wamp\www\jing\framework\web\CWebApplication.php(141): CWebApplication->runController()
#4 F:\wamp\www\jing\framework\base\CApplication.php(169): CWebApplication->processRequest()
#5 F:\wamp\www\jing\test1\admin.php(14): CWebApplication->run()
REQUEST_URI=/jing/test1/admin.php
in F:\wamp\www\jing\test1\protected\admin\controllers\SiteController.php (86)
in F:\wamp\www\jing\test1\admin.php (14)
2014/07/17 16:51:16 [error] [php] Undefined variable: hero (F:\wamp\www\jing\test1\protected\admin\controllers\SiteController.php:86)
Stack trace:
#0 F:\wamp\www\jing\framework\web\CController.php(286): SiteController->runAction()
#1 F:\wamp\www\jing\framework\web\CController.php(265): SiteController->runActionWithFilters()
#2 F:\wamp\www\jing\framework\web\CWebApplication.php(282): SiteController->run()
#3 F:\wamp\www\jing\framework\web\CWebApplication.php(141): CWebApplication->runController()
#4 F:\wamp\www\jing\framework\base\CApplication.php(169): CWebApplication->processRequest()
#5 F:\wamp\www\jing\test1\admin.php(14): CWebApplication->run()
REQUEST_URI=/jing/test1/admin.php
in F:\wamp\www\jing\test1\protected\admin\controllers\SiteController.php (86)
in F:\wamp\www\jing\test1\admin.php (14)
2014/07/17 16:51:17 [error] [php] Undefined variable: hero (F:\wamp\www\jing\test1\protected\admin\controllers\SiteController.php:86)
Stack trace:
#0 F:\wamp\www\jing\framework\web\CController.php(286): SiteController->runAction()
#1 F:\wamp\www\jing\framework\web\CController.php(265): SiteController->runActionWithFilters()
#2 F:\wamp\www\jing\framework\web\CWebApplication.php(282): SiteController->run()
#3 F:\wamp\www\jing\framework\web\CWebApplication.php(141): CWebApplication->runController()
#4 F:\wamp\www\jing\framework\base\CApplication.php(169): CWebApplication->processRequest()
#5 F:\wamp\www\jing\test1\admin.php(14): CWebApplication->run()
REQUEST_URI=/jing/test1/admin.php
in F:\wamp\www\jing\test1\protected\admin\controllers\SiteController.php (86)
in F:\wamp\www\jing\test1\admin.php (14)
2014/07/17 16:59:25 [error] [php] include(LoginForm.php) [<a href='function.include'>function.include</a>]: failed to open stream: No such file or directory (F:\wamp\www\jing\framework\YiiBase.php:421)
Stack trace:
#0 F:\wamp\www\jing\test1\protected\admin\controllers\SiteController.php(83): spl_autoload_call()
#1 F:\wamp\www\jing\framework\web\actions\CInlineAction.php(49): SiteController->actionLogin()
#2 F:\wamp\www\jing\framework\web\CController.php(308): CInlineAction->runWithParams()
#3 F:\wamp\www\jing\framework\web\CController.php(286): SiteController->runAction()
#4 F:\wamp\www\jing\framework\web\CController.php(265): SiteController->runActionWithFilters()
#5 F:\wamp\www\jing\framework\web\CWebApplication.php(282): SiteController->run()
#6 F:\wamp\www\jing\framework\web\CWebApplication.php(141): CWebApplication->runController()
#7 F:\wamp\www\jing\framework\base\CApplication.php(169): CWebApplication->processRequest()
#8 F:\wamp\www\jing\test1\admin.php(14): CWebApplication->run()
REQUEST_URI=/jing/test1/admin.php?r=site/login
in F:\wamp\www\jing\test1\protected\admin\controllers\SiteController.php (83)
in F:\wamp\www\jing\test1\admin.php (14)
2014/07/17 17:01:31 [error] [exception.CException] exception 'CException' with message 'CCacheHttpSession.cacheID is invalid. Please make sure "cache" refers to a valid cache application component.' in F:\wamp\www\jing\framework\web\CCacheHttpSession.php:53
Stack trace:
#0 F:\wamp\www\jing\framework\base\CModule.php(387): CCacheHttpSession->init()
#1 F:\wamp\www\jing\framework\web\CWebApplication.php(201): CModule->getComponent('session')
#2 F:\wamp\www\jing\framework\web\auth\CWebUser.php(193): CWebApplication->getSession()
#3 F:\wamp\www\jing\framework\base\CModule.php(387): CWebUser->init()
#4 F:\wamp\www\jing\framework\base\CModule.php(103): CModule->getComponent('user')
#5 F:\wamp\www\jing\test1\protected\admin\runtime\views\451279b1\main.php(39): CModule->__get('user')
#6 F:\wamp\www\jing\framework\web\CBaseController.php(126): require('F:\wamp\www\jin...')
#7 F:\wamp\www\jing\framework\web\renderers\CViewRenderer.php(75): CBaseController->renderInternal('F:\wamp\www\jin...', Array, true)
#8 F:\wamp\www\jing\framework\web\CBaseController.php(93): CViewRenderer->renderFile(Object(SiteController), 'F:\wamp\www\jin...', Array, true)
#9 F:\wamp\www\jing\framework\web\widgets\CContentDecorator.php(76): CBaseController->renderFile('F:\wamp\www\jin...', Array, true)
#10 F:\wamp\www\jing\framework\web\widgets\CContentDecorator.php(54): CContentDecorator->decorate('<div id="conten...')
#11 F:\wamp\www\jing\framework\web\widgets\COutputProcessor.php(44): CContentDecorator->processOutput('<div id="conten...')
#12 F:\wamp\www\jing\framework\web\CBaseController.php(206): COutputProcessor->run()
#13 F:\wamp\www\jing\framework\web\CBaseController.php(300): CBaseController->endWidget('CContentDecorat...')
#14 F:\wamp\www\jing\test1\protected\admin\runtime\views\451279b1\column1.php(7): CBaseController->endContent()
#15 F:\wamp\www\jing\framework\web\CBaseController.php(126): require('F:\wamp\www\jin...')
#16 F:\wamp\www\jing\framework\web\renderers\CViewRenderer.php(75): CBaseController->renderInternal('F:\wamp\www\jin...', Array, true)
#17 F:\wamp\www\jing\framework\web\CBaseController.php(93): CViewRenderer->renderFile(Object(SiteController), 'F:\wamp\www\jin...', Array, true)
#18 F:\wamp\www\jing\framework\web\CController.php(785): CBaseController->renderFile('F:\wamp\www\jin...', Array, true)
#19 F:\wamp\www\jing\test1\protected\admin\controllers\SiteController.php(102): CController->render('login', Array)
#20 F:\wamp\www\jing\framework\web\actions\CInlineAction.php(49): SiteController->actionLogin()
#21 F:\wamp\www\jing\framework\web\CController.php(308): CInlineAction->runWithParams(Array)
#22 F:\wamp\www\jing\framework\web\CController.php(286): CController->runAction(Object(CInlineAction))
#23 F:\wamp\www\jing\framework\web\CController.php(265): CController->runActionWithFilters(Object(CInlineAction), Array)
#24 F:\wamp\www\jing\framework\web\CWebApplication.php(282): CController->run('login')
#25 F:\wamp\www\jing\framework\web\CWebApplication.php(141): CWebApplication->runController('site/login')
#26 F:\wamp\www\jing\framework\base\CApplication.php(169): CWebApplication->processRequest()
#27 F:\wamp\www\jing\test1\admin.php(14): CApplication->run()
#28 {main}
REQUEST_URI=/jing/test1/admin.php?r=site/login
---
2014/07/17 17:02:07 [error] [exception.CException] exception 'CException' with message 'SiteController and its behaviors do not have a method or closure named "isAdmin".' in F:\wamp\www\jing\framework\base\CComponent.php:265
Stack trace:
#0 F:\wamp\www\jing\test1\protected\admin\runtime\views\451279b1\main.php(40): CComponent->__call('isAdmin', Array)
#1 F:\wamp\www\jing\test1\protected\admin\runtime\views\451279b1\main.php(40): SiteController->isAdmin()
#2 F:\wamp\www\jing\framework\web\CBaseController.php(126): require('F:\wamp\www\jin...')
#3 F:\wamp\www\jing\framework\web\renderers\CViewRenderer.php(75): CBaseController->renderInternal('F:\wamp\www\jin...', Array, true)
#4 F:\wamp\www\jing\framework\web\CBaseController.php(93): CViewRenderer->renderFile(Object(SiteController), 'F:\wamp\www\jin...', Array, true)
#5 F:\wamp\www\jing\framework\web\widgets\CContentDecorator.php(76): CBaseController->renderFile('F:\wamp\www\jin...', Array, true)
#6 F:\wamp\www\jing\framework\web\widgets\CContentDecorator.php(54): CContentDecorator->decorate('<div id="conten...')
#7 F:\wamp\www\jing\framework\web\widgets\COutputProcessor.php(44): CContentDecorator->processOutput('<div id="conten...')
#8 F:\wamp\www\jing\framework\web\CBaseController.php(206): COutputProcessor->run()
#9 F:\wamp\www\jing\framework\web\CBaseController.php(300): CBaseController->endWidget('CContentDecorat...')
#10 F:\wamp\www\jing\test1\protected\admin\runtime\views\451279b1\column1.php(7): CBaseController->endContent()
#11 F:\wamp\www\jing\framework\web\CBaseController.php(126): require('F:\wamp\www\jin...')
#12 F:\wamp\www\jing\framework\web\renderers\CViewRenderer.php(75): CBaseController->renderInternal('F:\wamp\www\jin...', Array, true)
#13 F:\wamp\www\jing\framework\web\CBaseController.php(93): CViewRenderer->renderFile(Object(SiteController), 'F:\wamp\www\jin...', Array, true)
#14 F:\wamp\www\jing\framework\web\CController.php(785): CBaseController->renderFile('F:\wamp\www\jin...', Array, true)
#15 F:\wamp\www\jing\test1\protected\admin\controllers\SiteController.php(102): CController->render('login', Array)
#16 F:\wamp\www\jing\framework\web\actions\CInlineAction.php(49): SiteController->actionLogin()
#17 F:\wamp\www\jing\framework\web\CController.php(308): CInlineAction->runWithParams(Array)
#18 F:\wamp\www\jing\framework\web\CController.php(286): CController->runAction(Object(CInlineAction))
#19 F:\wamp\www\jing\framework\web\CController.php(265): CController->runActionWithFilters(Object(CInlineAction), Array)
#20 F:\wamp\www\jing\framework\web\CWebApplication.php(282): CController->run('login')
#21 F:\wamp\www\jing\framework\web\CWebApplication.php(141): CWebApplication->runController('site/login')
#22 F:\wamp\www\jing\framework\base\CApplication.php(169): CWebApplication->processRequest()
#23 F:\wamp\www\jing\test1\admin.php(14): CApplication->run()
#24 {main}
REQUEST_URI=/jing/test1/admin.php?r=site/login
---
2014/07/17 17:02:08 [error] [exception.CException] exception 'CException' with message 'SiteController and its behaviors do not have a method or closure named "isAdmin".' in F:\wamp\www\jing\framework\base\CComponent.php:265
Stack trace:
#0 F:\wamp\www\jing\test1\protected\admin\runtime\views\451279b1\main.php(40): CComponent->__call('isAdmin', Array)
#1 F:\wamp\www\jing\test1\protected\admin\runtime\views\451279b1\main.php(40): SiteController->isAdmin()
#2 F:\wamp\www\jing\framework\web\CBaseController.php(126): require('F:\wamp\www\jin...')
#3 F:\wamp\www\jing\framework\web\renderers\CViewRenderer.php(75): CBaseController->renderInternal('F:\wamp\www\jin...', Array, true)
#4 F:\wamp\www\jing\framework\web\CBaseController.php(93): CViewRenderer->renderFile(Object(SiteController), 'F:\wamp\www\jin...', Array, true)
#5 F:\wamp\www\jing\framework\web\widgets\CContentDecorator.php(76): CBaseController->renderFile('F:\wamp\www\jin...', Array, true)
#6 F:\wamp\www\jing\framework\web\widgets\CContentDecorator.php(54): CContentDecorator->decorate('<div id="conten...')
#7 F:\wamp\www\jing\framework\web\widgets\COutputProcessor.php(44): CContentDecorator->processOutput('<div id="conten...')
#8 F:\wamp\www\jing\framework\web\CBaseController.php(206): COutputProcessor->run()
#9 F:\wamp\www\jing\framework\web\CBaseController.php(300): CBaseController->endWidget('CContentDecorat...')
#10 F:\wamp\www\jing\test1\protected\admin\runtime\views\451279b1\column1.php(7): CBaseController->endContent()
#11 F:\wamp\www\jing\framework\web\CBaseController.php(126): require('F:\wamp\www\jin...')
#12 F:\wamp\www\jing\framework\web\renderers\CViewRenderer.php(75): CBaseController->renderInternal('F:\wamp\www\jin...', Array, true)
#13 F:\wamp\www\jing\framework\web\CBaseController.php(93): CViewRenderer->renderFile(Object(SiteController), 'F:\wamp\www\jin...', Array, true)
#14 F:\wamp\www\jing\framework\web\CController.php(785): CBaseController->renderFile('F:\wamp\www\jin...', Array, true)
#15 F:\wamp\www\jing\test1\protected\admin\controllers\SiteController.php(102): CController->render('login', Array)
#16 F:\wamp\www\jing\framework\web\actions\CInlineAction.php(49): SiteController->actionLogin()
#17 F:\wamp\www\jing\framework\web\CController.php(308): CInlineAction->runWithParams(Array)
#18 F:\wamp\www\jing\framework\web\CController.php(286): CController->runAction(Object(CInlineAction))
#19 F:\wamp\www\jing\framework\web\CController.php(265): CController->runActionWithFilters(Object(CInlineAction), Array)
#20 F:\wamp\www\jing\framework\web\CWebApplication.php(282): CController->run('login')
#21 F:\wamp\www\jing\framework\web\CWebApplication.php(141): CWebApplication->runController('site/login')
#22 F:\wamp\www\jing\framework\base\CApplication.php(169): CWebApplication->processRequest()
#23 F:\wamp\www\jing\test1\admin.php(14): CApplication->run()
#24 {main}
REQUEST_URI=/jing/test1/admin.php?r=site/login
---
2014/07/17 17:06:50 [error] [exception.CException] exception 'CException' with message 'SiteController and its behaviors do not have a method or closure named "isAdmin".' in F:\wamp\www\jing\framework\base\CComponent.php:265
Stack trace:
#0 F:\wamp\www\jing\test1\protected\admin\runtime\views\451279b1\main.php(40): CComponent->__call('isAdmin', Array)
#1 F:\wamp\www\jing\test1\protected\admin\runtime\views\451279b1\main.php(40): SiteController->isAdmin()
#2 F:\wamp\www\jing\framework\web\CBaseController.php(126): require('F:\wamp\www\jin...')
#3 F:\wamp\www\jing\framework\web\renderers\CViewRenderer.php(75): CBaseController->renderInternal('F:\wamp\www\jin...', Array, true)
#4 F:\wamp\www\jing\framework\web\CBaseController.php(93): CViewRenderer->renderFile(Object(SiteController), 'F:\wamp\www\jin...', Array, true)
#5 F:\wamp\www\jing\framework\web\widgets\CContentDecorator.php(76): CBaseController->renderFile('F:\wamp\www\jin...', Array, true)
#6 F:\wamp\www\jing\framework\web\widgets\CContentDecorator.php(54): CContentDecorator->decorate('<div id="conten...')
#7 F:\wamp\www\jing\framework\web\widgets\COutputProcessor.php(44): CContentDecorator->processOutput('<div id="conten...')
#8 F:\wamp\www\jing\framework\web\CBaseController.php(206): COutputProcessor->run()
#9 F:\wamp\www\jing\framework\web\CBaseController.php(300): CBaseController->endWidget('CContentDecorat...')
#10 F:\wamp\www\jing\test1\protected\admin\runtime\views\451279b1\column1.php(7): CBaseController->endContent()
#11 F:\wamp\www\jing\framework\web\CBaseController.php(126): require('F:\wamp\www\jin...')
#12 F:\wamp\www\jing\framework\web\renderers\CViewRenderer.php(75): CBaseController->renderInternal('F:\wamp\www\jin...', Array, true)
#13 F:\wamp\www\jing\framework\web\CBaseController.php(93): CViewRenderer->renderFile(Object(SiteController), 'F:\wamp\www\jin...', Array, true)
#14 F:\wamp\www\jing\framework\web\CController.php(785): CBaseController->renderFile('F:\wamp\www\jin...', Array, true)
#15 F:\wamp\www\jing\test1\protected\admin\controllers\SiteController.php(102): CController->render('login', Array)
#16 F:\wamp\www\jing\framework\web\actions\CInlineAction.php(49): SiteController->actionLogin()
#17 F:\wamp\www\jing\framework\web\CController.php(308): CInlineAction->runWithParams(Array)
#18 F:\wamp\www\jing\framework\web\CController.php(286): CController->runAction(Object(CInlineAction))
#19 F:\wamp\www\jing\framework\web\CController.php(265): CController->runActionWithFilters(Object(CInlineAction), Array)
#20 F:\wamp\www\jing\framework\web\CWebApplication.php(282): CController->run('login')
#21 F:\wamp\www\jing\framework\web\CWebApplication.php(141): CWebApplication->runController('site/login')
#22 F:\wamp\www\jing\framework\base\CApplication.php(169): CWebApplication->processRequest()
#23 F:\wamp\www\jing\test1\admin.php(14): CApplication->run()
#24 {main}
REQUEST_URI=/jing/test1/admin.php?r=site/login
---
2014/07/17 17:06:51 [error] [exception.CException] exception 'CException' with message 'SiteController and its behaviors do not have a method or closure named "isAdmin".' in F:\wamp\www\jing\framework\base\CComponent.php:265
Stack trace:
#0 F:\wamp\www\jing\test1\protected\admin\runtime\views\451279b1\main.php(40): CComponent->__call('isAdmin', Array)
#1 F:\wamp\www\jing\test1\protected\admin\runtime\views\451279b1\main.php(40): SiteController->isAdmin()
#2 F:\wamp\www\jing\framework\web\CBaseController.php(126): require('F:\wamp\www\jin...')
#3 F:\wamp\www\jing\framework\web\renderers\CViewRenderer.php(75): CBaseController->renderInternal('F:\wamp\www\jin...', Array, true)
#4 F:\wamp\www\jing\framework\web\CBaseController.php(93): CViewRenderer->renderFile(Object(SiteController), 'F:\wamp\www\jin...', Array, true)
#5 F:\wamp\www\jing\framework\web\widgets\CContentDecorator.php(76): CBaseController->renderFile('F:\wamp\www\jin...', Array, true)
#6 F:\wamp\www\jing\framework\web\widgets\CContentDecorator.php(54): CContentDecorator->decorate('<div id="conten...')
#7 F:\wamp\www\jing\framework\web\widgets\COutputProcessor.php(44): CContentDecorator->processOutput('<div id="conten...')
#8 F:\wamp\www\jing\framework\web\CBaseController.php(206): COutputProcessor->run()
#9 F:\wamp\www\jing\framework\web\CBaseController.php(300): CBaseController->endWidget('CContentDecorat...')
#10 F:\wamp\www\jing\test1\protected\admin\runtime\views\451279b1\column1.php(7): CBaseController->endContent()
#11 F:\wamp\www\jing\framework\web\CBaseController.php(126): require('F:\wamp\www\jin...')
#12 F:\wamp\www\jing\framework\web\renderers\CViewRenderer.php(75): CBaseController->renderInternal('F:\wamp\www\jin...', Array, true)
#13 F:\wamp\www\jing\framework\web\CBaseController.php(93): CViewRenderer->renderFile(Object(SiteController), 'F:\wamp\www\jin...', Array, true)
#14 F:\wamp\www\jing\framework\web\CController.php(785): CBaseController->renderFile('F:\wamp\www\jin...', Array, true)
#15 F:\wamp\www\jing\test1\protected\admin\controllers\SiteController.php(102): CController->render('login', Array)
#16 F:\wamp\www\jing\framework\web\actions\CInlineAction.php(49): SiteController->actionLogin()
#17 F:\wamp\www\jing\framework\web\CController.php(308): CInlineAction->runWithParams(Array)
#18 F:\wamp\www\jing\framework\web\CController.php(286): CController->runAction(Object(CInlineAction))
#19 F:\wamp\www\jing\framework\web\CController.php(265): CController->runActionWithFilters(Object(CInlineAction), Array)
#20 F:\wamp\www\jing\framework\web\CWebApplication.php(282): CController->run('login')
#21 F:\wamp\www\jing\framework\web\CWebApplication.php(141): CWebApplication->runController('site/login')
#22 F:\wamp\www\jing\framework\base\CApplication.php(169): CWebApplication->processRequest()
#23 F:\wamp\www\jing\test1\admin.php(14): CApplication->run()
#24 {main}
REQUEST_URI=/jing/test1/admin.php?r=site/login
---
2014/07/17 17:06:51 [error] [exception.CException] exception 'CException' with message 'SiteController and its behaviors do not have a method or closure named "isAdmin".' in F:\wamp\www\jing\framework\base\CComponent.php:265
Stack trace:
#0 F:\wamp\www\jing\test1\protected\admin\runtime\views\451279b1\main.php(40): CComponent->__call('isAdmin', Array)
#1 F:\wamp\www\jing\test1\protected\admin\runtime\views\451279b1\main.php(40): SiteController->isAdmin()
#2 F:\wamp\www\jing\framework\web\CBaseController.php(126): require('F:\wamp\www\jin...')
#3 F:\wamp\www\jing\framework\web\renderers\CViewRenderer.php(75): CBaseController->renderInternal('F:\wamp\www\jin...', Array, true)
#4 F:\wamp\www\jing\framework\web\CBaseController.php(93): CViewRenderer->renderFile(Object(SiteController), 'F:\wamp\www\jin...', Array, true)
#5 F:\wamp\www\jing\framework\web\widgets\CContentDecorator.php(76): CBaseController->renderFile('F:\wamp\www\jin...', Array, true)
#6 F:\wamp\www\jing\framework\web\widgets\CContentDecorator.php(54): CContentDecorator->decorate('<div id="conten...')
#7 F:\wamp\www\jing\framework\web\widgets\COutputProcessor.php(44): CContentDecorator->processOutput('<div id="conten...')
#8 F:\wamp\www\jing\framework\web\CBaseController.php(206): COutputProcessor->run()
#9 F:\wamp\www\jing\framework\web\CBaseController.php(300): CBaseController->endWidget('CContentDecorat...')
#10 F:\wamp\www\jing\test1\protected\admin\runtime\views\451279b1\column1.php(7): CBaseController->endContent()
#11 F:\wamp\www\jing\framework\web\CBaseController.php(126): require('F:\wamp\www\jin...')
#12 F:\wamp\www\jing\framework\web\renderers\CViewRenderer.php(75): CBaseController->renderInternal('F:\wamp\www\jin...', Array, true)
#13 F:\wamp\www\jing\framework\web\CBaseController.php(93): CViewRenderer->renderFile(Object(SiteController), 'F:\wamp\www\jin...', Array, true)
#14 F:\wamp\www\jing\framework\web\CController.php(785): CBaseController->renderFile('F:\wamp\www\jin...', Array, true)
#15 F:\wamp\www\jing\test1\protected\admin\controllers\SiteController.php(102): CController->render('login', Array)
#16 F:\wamp\www\jing\framework\web\actions\CInlineAction.php(49): SiteController->actionLogin()
#17 F:\wamp\www\jing\framework\web\CController.php(308): CInlineAction->runWithParams(Array)
#18 F:\wamp\www\jing\framework\web\CController.php(286): CController->runAction(Object(CInlineAction))
#19 F:\wamp\www\jing\framework\web\CController.php(265): CController->runActionWithFilters(Object(CInlineAction), Array)
#20 F:\wamp\www\jing\framework\web\CWebApplication.php(282): CController->run('login')
#21 F:\wamp\www\jing\framework\web\CWebApplication.php(141): CWebApplication->runController('site/login')
#22 F:\wamp\www\jing\framework\base\CApplication.php(169): CWebApplication->processRequest()
#23 F:\wamp\www\jing\test1\admin.php(14): CApplication->run()
#24 {main}
REQUEST_URI=/jing/test1/admin.php?r=site/login
---
2014/07/17 17:06:52 [error] [exception.CException] exception 'CException' with message 'SiteController and its behaviors do not have a method or closure named "isAdmin".' in F:\wamp\www\jing\framework\base\CComponent.php:265
Stack trace:
#0 F:\wamp\www\jing\test1\protected\admin\runtime\views\451279b1\main.php(40): CComponent->__call('isAdmin', Array)
#1 F:\wamp\www\jing\test1\protected\admin\runtime\views\451279b1\main.php(40): SiteController->isAdmin()
#2 F:\wamp\www\jing\framework\web\CBaseController.php(126): require('F:\wamp\www\jin...')
#3 F:\wamp\www\jing\framework\web\renderers\CViewRenderer.php(75): CBaseController->renderInternal('F:\wamp\www\jin...', Array, true)
#4 F:\wamp\www\jing\framework\web\CBaseController.php(93): CViewRenderer->renderFile(Object(SiteController), 'F:\wamp\www\jin...', Array, true)
#5 F:\wamp\www\jing\framework\web\widgets\CContentDecorator.php(76): CBaseController->renderFile('F:\wamp\www\jin...', Array, true)
#6 F:\wamp\www\jing\framework\web\widgets\CContentDecorator.php(54): CContentDecorator->decorate('<div id="conten...')
#7 F:\wamp\www\jing\framework\web\widgets\COutputProcessor.php(44): CContentDecorator->processOutput('<div id="conten...')
#8 F:\wamp\www\jing\framework\web\CBaseController.php(206): COutputProcessor->run()
#9 F:\wamp\www\jing\framework\web\CBaseController.php(300): CBaseController->endWidget('CContentDecorat...')
#10 F:\wamp\www\jing\test1\protected\admin\runtime\views\451279b1\column1.php(7): CBaseController->endContent()
#11 F:\wamp\www\jing\framework\web\CBaseController.php(126): require('F:\wamp\www\jin...')
#12 F:\wamp\www\jing\framework\web\renderers\CViewRenderer.php(75): CBaseController->renderInternal('F:\wamp\www\jin...', Array, true)
#13 F:\wamp\www\jing\framework\web\CBaseController.php(93): CViewRenderer->renderFile(Object(SiteController), 'F:\wamp\www\jin...', Array, true)
#14 F:\wamp\www\jing\framework\web\CController.php(785): CBaseController->renderFile('F:\wamp\www\jin...', Array, true)
#15 F:\wamp\www\jing\test1\protected\admin\controllers\SiteController.php(102): CController->render('login', Array)
#16 F:\wamp\www\jing\framework\web\actions\CInlineAction.php(49): SiteController->actionLogin()
#17 F:\wamp\www\jing\framework\web\CController.php(308): CInlineAction->runWithParams(Array)
#18 F:\wamp\www\jing\framework\web\CController.php(286): CController->runAction(Object(CInlineAction))
#19 F:\wamp\www\jing\framework\web\CController.php(265): CController->runActionWithFilters(Object(CInlineAction), Array)
#20 F:\wamp\www\jing\framework\web\CWebApplication.php(282): CController->run('login')
#21 F:\wamp\www\jing\framework\web\CWebApplication.php(141): CWebApplication->runController('site/login')
#22 F:\wamp\www\jing\framework\base\CApplication.php(169): CWebApplication->processRequest()
#23 F:\wamp\www\jing\test1\admin.php(14): CApplication->run()
#24 {main}
REQUEST_URI=/jing/test1/admin.php?r=site/login
---
2014/07/17 17:06:52 [error] [exception.CException] exception 'CException' with message 'SiteController and its behaviors do not have a method or closure named "isAdmin".' in F:\wamp\www\jing\framework\base\CComponent.php:265
Stack trace:
#0 F:\wamp\www\jing\test1\protected\admin\runtime\views\451279b1\main.php(40): CComponent->__call('isAdmin', Array)
#1 F:\wamp\www\jing\test1\protected\admin\runtime\views\451279b1\main.php(40): SiteController->isAdmin()
#2 F:\wamp\www\jing\framework\web\CBaseController.php(126): require('F:\wamp\www\jin...')
#3 F:\wamp\www\jing\framework\web\renderers\CViewRenderer.php(75): CBaseController->renderInternal('F:\wamp\www\jin...', Array, true)
#4 F:\wamp\www\jing\framework\web\CBaseController.php(93): CViewRenderer->renderFile(Object(SiteController), 'F:\wamp\www\jin...', Array, true)
#5 F:\wamp\www\jing\framework\web\widgets\CContentDecorator.php(76): CBaseController->renderFile('F:\wamp\www\jin...', Array, true)
#6 F:\wamp\www\jing\framework\web\widgets\CContentDecorator.php(54): CContentDecorator->decorate('<div id="conten...')
#7 F:\wamp\www\jing\framework\web\widgets\COutputProcessor.php(44): CContentDecorator->processOutput('<div id="conten...')
#8 F:\wamp\www\jing\framework\web\CBaseController.php(206): COutputProcessor->run()
#9 F:\wamp\www\jing\framework\web\CBaseController.php(300): CBaseController->endWidget('CContentDecorat...')
#10 F:\wamp\www\jing\test1\protected\admin\runtime\views\451279b1\column1.php(7): CBaseController->endContent()
#11 F:\wamp\www\jing\framework\web\CBaseController.php(126): require('F:\wamp\www\jin...')
#12 F:\wamp\www\jing\framework\web\renderers\CViewRenderer.php(75): CBaseController->renderInternal('F:\wamp\www\jin...', Array, true)
#13 F:\wamp\www\jing\framework\web\CBaseController.php(93): CViewRenderer->renderFile(Object(SiteController), 'F:\wamp\www\jin...', Array, true)
#14 F:\wamp\www\jing\framework\web\CController.php(785): CBaseController->renderFile('F:\wamp\www\jin...', Array, true)
#15 F:\wamp\www\jing\test1\protected\admin\controllers\SiteController.php(102): CController->render('login', Array)
#16 F:\wamp\www\jing\framework\web\actions\CInlineAction.php(49): SiteController->actionLogin()
#17 F:\wamp\www\jing\framework\web\CController.php(308): CInlineAction->runWithParams(Array)
#18 F:\wamp\www\jing\framework\web\CController.php(286): CController->runAction(Object(CInlineAction))
#19 F:\wamp\www\jing\framework\web\CController.php(265): CController->runActionWithFilters(Object(CInlineAction), Array)
#20 F:\wamp\www\jing\framework\web\CWebApplication.php(282): CController->run('login')
#21 F:\wamp\www\jing\framework\web\CWebApplication.php(141): CWebApplication->runController('site/login')
#22 F:\wamp\www\jing\framework\base\CApplication.php(169): CWebApplication->processRequest()
#23 F:\wamp\www\jing\test1\admin.php(14): CApplication->run()
#24 {main}
REQUEST_URI=/jing/test1/admin.php?r=site/login
---
2014/07/17 17:07:11 [error] [exception.CException] exception 'CException' with message 'SiteController and its behaviors do not have a method or closure named "isAdmin".' in F:\wamp\www\jing\framework\base\CComponent.php:265
Stack trace:
#0 F:\wamp\www\jing\test1\protected\admin\runtime\views\451279b1\main.php(40): CComponent->__call('isAdmin', Array)
#1 F:\wamp\www\jing\test1\protected\admin\runtime\views\451279b1\main.php(40): SiteController->isAdmin()
#2 F:\wamp\www\jing\framework\web\CBaseController.php(126): require('F:\wamp\www\jin...')
#3 F:\wamp\www\jing\framework\web\renderers\CViewRenderer.php(75): CBaseController->renderInternal('F:\wamp\www\jin...', Array, true)
#4 F:\wamp\www\jing\framework\web\CBaseController.php(93): CViewRenderer->renderFile(Object(SiteController), 'F:\wamp\www\jin...', Array, true)
#5 F:\wamp\www\jing\framework\web\widgets\CContentDecorator.php(76): CBaseController->renderFile('F:\wamp\www\jin...', Array, true)
#6 F:\wamp\www\jing\framework\web\widgets\CContentDecorator.php(54): CContentDecorator->decorate('<div id="conten...')
#7 F:\wamp\www\jing\framework\web\widgets\COutputProcessor.php(44): CContentDecorator->processOutput('<div id="conten...')
#8 F:\wamp\www\jing\framework\web\CBaseController.php(206): COutputProcessor->run()
#9 F:\wamp\www\jing\framework\web\CBaseController.php(300): CBaseController->endWidget('CContentDecorat...')
#10 F:\wamp\www\jing\test1\protected\admin\runtime\views\451279b1\column1.php(7): CBaseController->endContent()
#11 F:\wamp\www\jing\framework\web\CBaseController.php(126): require('F:\wamp\www\jin...')
#12 F:\wamp\www\jing\framework\web\renderers\CViewRenderer.php(75): CBaseController->renderInternal('F:\wamp\www\jin...', Array, true)
#13 F:\wamp\www\jing\framework\web\CBaseController.php(93): CViewRenderer->renderFile(Object(SiteController), 'F:\wamp\www\jin...', Array, true)
#14 F:\wamp\www\jing\framework\web\CController.php(785): CBaseController->renderFile('F:\wamp\www\jin...', Array, true)
#15 F:\wamp\www\jing\test1\protected\admin\controllers\SiteController.php(102): CController->render('login', Array)
#16 F:\wamp\www\jing\framework\web\actions\CInlineAction.php(49): SiteController->actionLogin()
#17 F:\wamp\www\jing\framework\web\CController.php(308): CInlineAction->runWithParams(Array)
#18 F:\wamp\www\jing\framework\web\CController.php(286): CController->runAction(Object(CInlineAction))
#19 F:\wamp\www\jing\framework\web\CController.php(265): CController->runActionWithFilters(Object(CInlineAction), Array)
#20 F:\wamp\www\jing\framework\web\CWebApplication.php(282): CController->run('login')
#21 F:\wamp\www\jing\framework\web\CWebApplication.php(141): CWebApplication->runController('site/login')
#22 F:\wamp\www\jing\framework\base\CApplication.php(169): CWebApplication->processRequest()
#23 F:\wamp\www\jing\test1\admin.php(14): CApplication->run()
#24 {main}
REQUEST_URI=/jing/test1/admin.php?r=site/login
---
2014/07/17 17:07:15 [error] [exception.CException] exception 'CException' with message 'SiteController and its behaviors do not have a method or closure named "isAdmin".' in F:\wamp\www\jing\framework\base\CComponent.php:265
Stack trace:
#0 F:\wamp\www\jing\test1\protected\admin\runtime\views\451279b1\main.php(40): CComponent->__call('isAdmin', Array)
#1 F:\wamp\www\jing\test1\protected\admin\runtime\views\451279b1\main.php(40): SiteController->isAdmin()
#2 F:\wamp\www\jing\framework\web\CBaseController.php(126): require('F:\wamp\www\jin...')
#3 F:\wamp\www\jing\framework\web\renderers\CViewRenderer.php(75): CBaseController->renderInternal('F:\wamp\www\jin...', Array, true)
#4 F:\wamp\www\jing\framework\web\CBaseController.php(93): CViewRenderer->renderFile(Object(SiteController), 'F:\wamp\www\jin...', Array, true)
#5 F:\wamp\www\jing\framework\web\widgets\CContentDecorator.php(76): CBaseController->renderFile('F:\wamp\www\jin...', Array, true)
#6 F:\wamp\www\jing\framework\web\widgets\CContentDecorator.php(54): CContentDecorator->decorate('<div id="conten...')
#7 F:\wamp\www\jing\framework\web\widgets\COutputProcessor.php(44): CContentDecorator->processOutput('<div id="conten...')
#8 F:\wamp\www\jing\framework\web\CBaseController.php(206): COutputProcessor->run()
#9 F:\wamp\www\jing\framework\web\CBaseController.php(300): CBaseController->endWidget('CContentDecorat...')
#10 F:\wamp\www\jing\test1\protected\admin\runtime\views\451279b1\column1.php(7): CBaseController->endContent()
#11 F:\wamp\www\jing\framework\web\CBaseController.php(126): require('F:\wamp\www\jin...')
#12 F:\wamp\www\jing\framework\web\renderers\CViewRenderer.php(75): CBaseController->renderInternal('F:\wamp\www\jin...', Array, true)
#13 F:\wamp\www\jing\framework\web\CBaseController.php(93): CViewRenderer->renderFile(Object(SiteController), 'F:\wamp\www\jin...', Array, true)
#14 F:\wamp\www\jing\framework\web\CController.php(785): CBaseController->renderFile('F:\wamp\www\jin...', Array, true)
#15 F:\wamp\www\jing\test1\protected\admin\controllers\SiteController.php(102): CController->render('login', Array)
#16 F:\wamp\www\jing\framework\web\actions\CInlineAction.php(49): SiteController->actionLogin()
#17 F:\wamp\www\jing\framework\web\CController.php(308): CInlineAction->runWithParams(Array)
#18 F:\wamp\www\jing\framework\web\CController.php(286): CController->runAction(Object(CInlineAction))
#19 F:\wamp\www\jing\framework\web\CController.php(265): CController->runActionWithFilters(Object(CInlineAction), Array)
#20 F:\wamp\www\jing\framework\web\CWebApplication.php(282): CController->run('login')
#21 F:\wamp\www\jing\framework\web\CWebApplication.php(141): CWebApplication->runController('site/login')
#22 F:\wamp\www\jing\framework\base\CApplication.php(169): CWebApplication->processRequest()
#23 F:\wamp\www\jing\test1\admin.php(14): CApplication->run()
#24 {main}
REQUEST_URI=/jing/test1/admin.php?r=site/login
---
2014/07/17 17:07:17 [error] [exception.CException] exception 'CException' with message 'SiteController and its behaviors do not have a method or closure named "isAdmin".' in F:\wamp\www\jing\framework\base\CComponent.php:265
Stack trace:
#0 F:\wamp\www\jing\test1\protected\admin\runtime\views\451279b1\main.php(40): CComponent->__call('isAdmin', Array)
#1 F:\wamp\www\jing\test1\protected\admin\runtime\views\451279b1\main.php(40): SiteController->isAdmin()
#2 F:\wamp\www\jing\framework\web\CBaseController.php(126): require('F:\wamp\www\jin...')
#3 F:\wamp\www\jing\framework\web\renderers\CViewRenderer.php(75): CBaseController->renderInternal('F:\wamp\www\jin...', Array, true)
#4 F:\wamp\www\jing\framework\web\CBaseController.php(93): CViewRenderer->renderFile(Object(SiteController), 'F:\wamp\www\jin...', Array, true)
#5 F:\wamp\www\jing\framework\web\widgets\CContentDecorator.php(76): CBaseController->renderFile('F:\wamp\www\jin...', Array, true)
#6 F:\wamp\www\jing\framework\web\widgets\CContentDecorator.php(54): CContentDecorator->decorate('<div id="conten...')
#7 F:\wamp\www\jing\framework\web\widgets\COutputProcessor.php(44): CContentDecorator->processOutput('<div id="conten...')
#8 F:\wamp\www\jing\framework\web\CBaseController.php(206): COutputProcessor->run()
#9 F:\wamp\www\jing\framework\web\CBaseController.php(300): CBaseController->endWidget('CContentDecorat...')
#10 F:\wamp\www\jing\test1\protected\admin\runtime\views\451279b1\column1.php(7): CBaseController->endContent()
#11 F:\wamp\www\jing\framework\web\CBaseController.php(126): require('F:\wamp\www\jin...')
#12 F:\wamp\www\jing\framework\web\renderers\CViewRenderer.php(75): CBaseController->renderInternal('F:\wamp\www\jin...', Array, true)
#13 F:\wamp\www\jing\framework\web\CBaseController.php(93): CViewRenderer->renderFile(Object(SiteController), 'F:\wamp\www\jin...', Array, true)
#14 F:\wamp\www\jing\framework\web\CController.php(785): CBaseController->renderFile('F:\wamp\www\jin...', Array, true)
#15 F:\wamp\www\jing\test1\protected\admin\controllers\SiteController.php(102): CController->render('login', Array)
#16 F:\wamp\www\jing\framework\web\actions\CInlineAction.php(49): SiteController->actionLogin()
#17 F:\wamp\www\jing\framework\web\CController.php(308): CInlineAction->runWithParams(Array)
#18 F:\wamp\www\jing\framework\web\CController.php(286): CController->runAction(Object(CInlineAction))
#19 F:\wamp\www\jing\framework\web\CController.php(265): CController->runActionWithFilters(Object(CInlineAction), Array)
#20 F:\wamp\www\jing\framework\web\CWebApplication.php(282): CController->run('login')
#21 F:\wamp\www\jing\framework\web\CWebApplication.php(141): CWebApplication->runController('site/login')
#22 F:\wamp\www\jing\framework\base\CApplication.php(169): CWebApplication->processRequest()
#23 F:\wamp\www\jing\test1\admin.php(14): CApplication->run()
#24 {main}
REQUEST_URI=/jing/test1/admin.php?r=site/login
---
2014/07/17 17:07:17 [error] [exception.CException] exception 'CException' with message 'SiteController and its behaviors do not have a method or closure named "isAdmin".' in F:\wamp\www\jing\framework\base\CComponent.php:265
Stack trace:
#0 F:\wamp\www\jing\test1\protected\admin\runtime\views\451279b1\main.php(40): CComponent->__call('isAdmin', Array)
#1 F:\wamp\www\jing\test1\protected\admin\runtime\views\451279b1\main.php(40): SiteController->isAdmin()
#2 F:\wamp\www\jing\framework\web\CBaseController.php(126): require('F:\wamp\www\jin...')
#3 F:\wamp\www\jing\framework\web\renderers\CViewRenderer.php(75): CBaseController->renderInternal('F:\wamp\www\jin...', Array, true)
#4 F:\wamp\www\jing\framework\web\CBaseController.php(93): CViewRenderer->renderFile(Object(SiteController), 'F:\wamp\www\jin...', Array, true)
#5 F:\wamp\www\jing\framework\web\widgets\CContentDecorator.php(76): CBaseController->renderFile('F:\wamp\www\jin...', Array, true)
#6 F:\wamp\www\jing\framework\web\widgets\CContentDecorator.php(54): CContentDecorator->decorate('<div id="conten...')
#7 F:\wamp\www\jing\framework\web\widgets\COutputProcessor.php(44): CContentDecorator->processOutput('<div id="conten...')
#8 F:\wamp\www\jing\framework\web\CBaseController.php(206): COutputProcessor->run()
#9 F:\wamp\www\jing\framework\web\CBaseController.php(300): CBaseController->endWidget('CContentDecorat...')
#10 F:\wamp\www\jing\test1\protected\admin\runtime\views\451279b1\column1.php(7): CBaseController->endContent()
#11 F:\wamp\www\jing\framework\web\CBaseController.php(126): require('F:\wamp\www\jin...')
#12 F:\wamp\www\jing\framework\web\renderers\CViewRenderer.php(75): CBaseController->renderInternal('F:\wamp\www\jin...', Array, true)
#13 F:\wamp\www\jing\framework\web\CBaseController.php(93): CViewRenderer->renderFile(Object(SiteController), 'F:\wamp\www\jin...', Array, true)
#14 F:\wamp\www\jing\framework\web\CController.php(785): CBaseController->renderFile('F:\wamp\www\jin...', Array, true)
#15 F:\wamp\www\jing\test1\protected\admin\controllers\SiteController.php(102): CController->render('login', Array)
#16 F:\wamp\www\jing\framework\web\actions\CInlineAction.php(49): SiteController->actionLogin()
#17 F:\wamp\www\jing\framework\web\CController.php(308): CInlineAction->runWithParams(Array)
#18 F:\wamp\www\jing\framework\web\CController.php(286): CController->runAction(Object(CInlineAction))
#19 F:\wamp\www\jing\framework\web\CController.php(265): CController->runActionWithFilters(Object(CInlineAction), Array)
#20 F:\wamp\www\jing\framework\web\CWebApplication.php(282): CController->run('login')
#21 F:\wamp\www\jing\framework\web\CWebApplication.php(141): CWebApplication->runController('site/login')
#22 F:\wamp\www\jing\framework\base\CApplication.php(169): CWebApplication->processRequest()
#23 F:\wamp\www\jing\test1\admin.php(14): CApplication->run()
#24 {main}
REQUEST_URI=/jing/test1/admin.php?r=site/login
---
2014/07/17 17:07:17 [error] [exception.CException] exception 'CException' with message 'SiteController and its behaviors do not have a method or closure named "isAdmin".' in F:\wamp\www\jing\framework\base\CComponent.php:265
Stack trace:
#0 F:\wamp\www\jing\test1\protected\admin\runtime\views\451279b1\main.php(40): CComponent->__call('isAdmin', Array)
#1 F:\wamp\www\jing\test1\protected\admin\runtime\views\451279b1\main.php(40): SiteController->isAdmin()
#2 F:\wamp\www\jing\framework\web\CBaseController.php(126): require('F:\wamp\www\jin...')
#3 F:\wamp\www\jing\framework\web\renderers\CViewRenderer.php(75): CBaseController->renderInternal('F:\wamp\www\jin...', Array, true)
#4 F:\wamp\www\jing\framework\web\CBaseController.php(93): CViewRenderer->renderFile(Object(SiteController), 'F:\wamp\www\jin...', Array, true)
#5 F:\wamp\www\jing\framework\web\widgets\CContentDecorator.php(76): CBaseController->renderFile('F:\wamp\www\jin...', Array, true)
#6 F:\wamp\www\jing\framework\web\widgets\CContentDecorator.php(54): CContentDecorator->decorate('<div id="conten...')
#7 F:\wamp\www\jing\framework\web\widgets\COutputProcessor.php(44): CContentDecorator->processOutput('<div id="conten...')
#8 F:\wamp\www\jing\framework\web\CBaseController.php(206): COutputProcessor->run()
#9 F:\wamp\www\jing\framework\web\CBaseController.php(300): CBaseController->endWidget('CContentDecorat...')
#10 F:\wamp\www\jing\test1\protected\admin\runtime\views\451279b1\column1.php(7): CBaseController->endContent()
#11 F:\wamp\www\jing\framework\web\CBaseController.php(126): require('F:\wamp\www\jin...')
#12 F:\wamp\www\jing\framework\web\renderers\CViewRenderer.php(75): CBaseController->renderInternal('F:\wamp\www\jin...', Array, true)
#13 F:\wamp\www\jing\framework\web\CBaseController.php(93): CViewRenderer->renderFile(Object(SiteController), 'F:\wamp\www\jin...', Array, true)
#14 F:\wamp\www\jing\framework\web\CController.php(785): CBaseController->renderFile('F:\wamp\www\jin...', Array, true)
#15 F:\wamp\www\jing\test1\protected\admin\controllers\SiteController.php(102): CController->render('login', Array)
#16 F:\wamp\www\jing\framework\web\actions\CInlineAction.php(49): SiteController->actionLogin()
#17 F:\wamp\www\jing\framework\web\CController.php(308): CInlineAction->runWithParams(Array)
#18 F:\wamp\www\jing\framework\web\CController.php(286): CController->runAction(Object(CInlineAction))
#19 F:\wamp\www\jing\framework\web\CController.php(265): CController->runActionWithFilters(Object(CInlineAction), Array)
#20 F:\wamp\www\jing\framework\web\CWebApplication.php(282): CController->run('login')
#21 F:\wamp\www\jing\framework\web\CWebApplication.php(141): CWebApplication->runController('site/login')
#22 F:\wamp\www\jing\framework\base\CApplication.php(169): CWebApplication->processRequest()
#23 F:\wamp\www\jing\test1\admin.php(14): CApplication->run()
#24 {main}
REQUEST_URI=/jing/test1/admin.php?r=site/login
---
